2020-12-25 00:09:02,353 root        : DEBUG    ===Logging Initialized===
2020-12-25 00:09:02,353 root        : DEBUG    Argument apply_alliance=None
2020-12-25 00:09:02,353 root        : DEBUG    Argument ask_for_help=False
2020-12-25 00:09:02,353 root        : DEBUG    Argument attack_baron=None
2020-12-25 00:09:02,354 root        : DEBUG    Argument attack_barons=False
2020-12-25 00:09:02,354 root        : DEBUG    Argument attack_berimond=False
2020-12-25 00:09:02,354 root        : DEBUG    Argument attack_nomads=False
2020-12-25 00:09:02,354 root        : DEBUG    Argument attack_player=False
2020-12-25 00:09:02,354 root        : DEBUG    Argument blade_coast=False
2020-12-25 00:09:02,354 root        : DEBUG    Argument build_tools=False
2020-12-25 00:09:02,354 root        : DEBUG    Argument buy_tools=False
2020-12-25 00:09:02,354 root        : DEBUG    Argument buy_tools_for_baron=False
2020-12-25 00:09:02,354 root        : DEBUG    Argument collect_tax=10
2020-12-25 00:09:02,354 root        : DEBUG    Argument dry_run=False
2020-12-25 00:09:02,354 root        : DEBUG    Argument farm=False
2020-12-25 00:09:02,354 root        : DEBUG    Argument favor_low_level_barons=False
2020-12-25 00:09:02,354 root        : DEBUG    Argument heal_troops=False
2020-12-25 00:09:02,354 root        : DEBUG    Argument help_all=False
2020-12-25 00:09:02,354 root        : DEBUG    Argument include_distance_to_me=False
2020-12-25 00:09:02,354 root        : DEBUG    Argument inifile=gg_config.ini
2020-12-25 00:09:02,354 root        : DEBUG    Argument leave_alliance=False
2020-12-25 00:09:02,354 root        : DEBUG    Argument list_barons=False
2020-12-25 00:09:02,355 root        : DEBUG    Argument loop=None
2020-12-25 00:09:02,355 root        : DEBUG    Argument print_alliance_coordinates=None
2020-12-25 00:09:02,355 root        : DEBUG    Argument print_attack_content=False
2020-12-25 00:09:02,355 root        : DEBUG    Argument print_economy=False
2020-12-25 00:09:02,355 root        : DEBUG    Argument print_full_economy=False
2020-12-25 00:09:02,355 root        : DEBUG    Argument print_gems=False
2020-12-25 00:09:02,355 root        : DEBUG    Argument print_info=False
2020-12-25 00:09:02,355 root        : DEBUG    Argument print_main_economy=False
2020-12-25 00:09:02,355 root        : DEBUG    Argument print_samurai_rankings=None
2020-12-25 00:09:02,355 root        : DEBUG    Argument recruit_berimond=False
2020-12-25 00:09:02,355 root        : DEBUG    Argument recruit_green=False
2020-12-25 00:09:02,355 root        : DEBUG    Argument recruit_troops=False
2020-12-25 00:09:02,355 root        : DEBUG    Argument rvs_only=False
2020-12-25 00:09:02,355 root        : DEBUG    Argument send_rss=False
2020-12-25 00:09:02,355 root        : DEBUG    Argument send_rss_new=False
2020-12-25 00:09:02,355 root        : DEBUG    Argument spy_barons=False
2020-12-25 00:09:02,355 root        : DEBUG    Argument station_troops=False
2020-12-25 00:09:02,355 root        : DEBUG    Argument use_khan_chests=False
2020-12-25 00:09:02,355 root        : DEBUG    Argument use_khan_chests_for_midas=False
2020-12-25 00:09:02,355 root        : DEBUG    Argument use_time_skips=False
2020-12-25 00:09:02,373 root        : DEBUG    Processor Start
2020-12-25 00:09:02,940 root        : DEBUG    readResult: <msg t='sys'><body action='apiOK' r='0'></body></msg>
2020-12-25 00:09:02,941 commands    : DEBUG    R1: <msg t='sys'><body action='apiOK' r='0'></body></msg>
2020-12-25 00:09:03,251 root        : DEBUG    readResult: %xt%core_nfo%1%0%{"sectorCountY":99,"XML":"106.RC.06","minNameSize":3,"sectorCountX":99}%
2020-12-25 00:09:03,252 commands    : DEBUG    R2: %xt%core_nfo%1%0%{"sectorCountY":99,"XML":"106.RC.06","minNameSize":3,"sectorCountX":99}%
2020-12-25 00:09:03,253 root        : DEBUG    readResult: %xt%rlu%-1%1%0%100000%2%Lobby%
2020-12-25 00:09:03,253 commands    : DEBUG    R3: %xt%rlu%-1%1%0%100000%2%Lobby%
2020-12-25 00:09:03,516 root        : DEBUG    readResult: <msg t='sys'><body action='joinOK' r='1'><pid id='0'/><vars /><uLs r='1'></uLs></body></msg>
2020-12-25 00:09:03,516 commands    : DEBUG    R4: <msg t='sys'><body action='joinOK' r='1'><pid id='0'/><vars /><uLs r='1'></uLs></body></msg>
2020-12-25 00:09:03,777 root        : DEBUG    readResult: %xt%core_avl%1%10005%{"P":"8bc00f257d8751d13845f656a0793896","M":"nyechaitea@yahoo.com"}%
2020-12-25 00:09:03,777 commands    : DEBUG    8: %xt%core_avl%1%10005%{"P":"8bc00f257d8751d13845f656a0793896","M":"nyechaitea@yahoo.com"}%
2020-12-25 00:09:04,093 root        : DEBUG    readResult: <msg t='sys'><body action='apiOK' r='0'></body></msg>
2020-12-25 00:09:04,094 commands    : DEBUG    L1: <msg t='sys'><body action='apiOK' r='0'></body></msg>
2020-12-25 00:09:04,349 root        : DEBUG    readResult: %xt%core_nfo%1%0%{"sectorCountY":99,"XML":"106.RC.06","minNameSize":3,"sectorCountX":99}%
2020-12-25 00:09:04,349 commands    : DEBUG    L2_1: %xt%core_nfo%1%0%{"sectorCountY":99,"XML":"106.RC.06","minNameSize":3,"sectorCountX":99}%
2020-12-25 00:09:04,349 root        : DEBUG    readResult: %xt%rlu%-1%1%0%100000%2%Lobby%
2020-12-25 00:09:04,349 commands    : DEBUG    L2_2: %xt%rlu%-1%1%0%100000%2%Lobby%
2020-12-25 00:09:04,625 root        : DEBUG    readResult: <msg t='sys'><body action='joinOK' r='1'><pid id='0'/><vars /><uLs r='1'></uLs></body></msg>
2020-12-25 00:09:04,625 commands    : DEBUG    L3: <msg t='sys'><body action='joinOK' r='1'><pid id='0'/><vars /><uLs r='1'></uLs></body></msg>
2020-12-25 00:09:06,628 root        : DEBUG    readResult: <msg t='sys'><body action='roundTripRes' r='1'></body></msg>
2020-12-25 00:09:06,628 commands    : DEBUG    L4: <msg t='sys'><body action='roundTripRes' r='1'></body></msg>
2020-12-25 00:09:06,891 root        : DEBUG    readResult: %xt%core_pol%1%10005%[{"RS":28800,"QD":{"conditions":[{"name":"cashOfferPackage","params":{"packageIdUnderscoreOfferId":"105_1430"}}]},"PC":[],"OS":22,"D":28800,"OD":[{"autoAccept":true,"visualComponents":[{"name":"offersHub","params":{"ASS":[22],"FDS":[200],"OHS":[22],"TID":16,"SID":1,"TAID":3,"DC":{"HL":[0],"STID":"dialog_primeDayPO_desc_03","ID":"genericOfferDC","TEID":2,"RM":{"A":[],"T":1},"TSID":7,"TID":"dialog_primeDayPO_title_03"}}}],"rewardComponents":[{"name":"standardReward","params":{"SLWT":[30,30,30],"SO":"SLWT_0#SLWT_1#SLWT_2","OL":1}}]}],"SNC":28800,"OID":1430,"IT":3}]%
2020-12-25 00:09:06,892 root        : DEBUG    readResult: %xt%core_pol%1%10005%[{"RS":28800,"QD":{"conditions":[{"name":"cashOfferPackage","params":{"packageIdUnderscoreOfferId":"103_11218"}}]},"PC":[],"OS":22,"D":28800,"OD":[{"autoAccept":true,"visualComponents":[{"name":"offersHub","params":{"ASS":[22],"FDS":[200],"OHS":[22],"TID":16,"SID":1,"TAID":3,"DC":{"HL":[0],"STID":"dialog_primeDayPO_desc_03","ID":"genericOfferDC","TEID":2,"RM":{"A":[],"T":1},"TSID":7,"TID":"dialog_primeDayPO_title_03"}}}],"rewardComponents":[{"name":"standardReward","params":{"D":[1973,1973,1973],"SO":"D_0#D_1#D_2","OL":1}}]}],"SNC":28800,"OID":11218,"IT":4}]%
2020-12-25 00:09:06,892 commands    : DEBUG    L6: %xt%core_pol%1%10005%[{"RS":28800,"QD":{"conditions":[{"name":"cashOfferPackage","params":{"packageIdUnderscoreOfferId":"103_11218"}}]},"PC":[],"OS":22,"D":28800,"OD":[{"autoAccept":true,"visualComponents":[{"name":"offersHub","params":{"ASS":[22],"FDS":[200],"OHS":[22],"TID":16,"SID":1,"TAID":3,"DC":{"HL":[0],"STID":"dialog_primeDayPO_desc_03","ID":"genericOfferDC","TEID":2,"RM":{"A":[],"T":1},"TSID":7,"TID":"dialog_primeDayPO_title_03"}}}],"rewardComponents":[{"name":"standardReward","params":{"D":[1973,1973,1973],"SO":"D_0#D_1#D_2","OL":1}}]}],"SNC":28800,"OID":11218,"IT":4}]%
2020-12-25 00:09:06,892 root        : DEBUG    readResult: %xt%core_pol%1%10005%[{"RS":28800,"QD":{"conditions":[{"name":"cashOfferPackage","params":{"packageIdUnderscoreOfferId":"103_13502"}}]},"PC":[],"OS":22,"D":28800,"OD":[{"autoAccept":true,"visualComponents":[{"name":"offersHub","params":{"FDS":[200],"OHS":[22],"TID":16,"SID":1,"TAID":3,"DC":{"HL":[0],"OTSID":2,"STID":"dialog_primeDayPO_desc_03","ID":"genericOfferDC","TEID":2,"RM":{"A":[],"T":1},"TSID":2,"TID":"dialog_primeDayPO_title_03"}}}],"rewardComponents":[{"name":"standardReward","params":{"PG":[[700,21600]],"SO":"PG","OL":1,"OM":1}}]}],"SNC":28800,"OID":13502,"IT":2}]%
2020-12-25 00:09:06,892 commands    : DEBUG    L7: %xt%core_pol%1%10005%[{"RS":28800,"QD":{"conditions":[{"name":"cashOfferPackage","params":{"packageIdUnderscoreOfferId":"103_13502"}}]},"PC":[],"OS":22,"D":28800,"OD":[{"autoAccept":true,"visualComponents":[{"name":"offersHub","params":{"FDS":[200],"OHS":[22],"TID":16,"SID":1,"TAID":3,"DC":{"HL":[0],"OTSID":2,"STID":"dialog_primeDayPO_desc_03","ID":"genericOfferDC","TEID":2,"RM":{"A":[],"T":1},"TSID":2,"TID":"dialog_primeDayPO_title_03"}}}],"rewardComponents":[{"name":"standardReward","params":{"PG":[[700,21600]],"SO":"PG","OL":1,"OM":1}}]}],"SNC":28800,"OID":13502,"IT":2}]%
2020-12-25 00:09:06,893 root        : DEBUG    readResult: %xt%core_pol%1%10005%[{"RS":28800,"QD":{"conditions":[{"name":"cashOfferPackage","params":{"packageIdUnderscoreOfferId":"106_13506"}}]},"PC":[],"OS":22,"D":28800,"OD":[{"autoAccept":true,"visualComponents":[{"name":"offersHub","params":{"FDS":[200],"OHS":[22],"TID":16,"SID":1,"TAID":3,"DC":{"HL":[0],"OTSID":5,"STID":"dialog_primeDayPO_desc_03","ID":"genericOfferDC","TEID":2,"RM":{"A":[],"T":1},"TSID":12,"TID":"dialog_primeDayPO_title_03"}}}],"rewardComponents":[{"name":"standardReward","params":{"U":[[152,6000],[9,15000],[10,15000],[116,1200],[114,1200],[113,1200]],"F":[900000],"PG":[[900,21600]],"SO":"PG#U_0#U_1#U_2#F#U_3#U_4#U_5","OL":1,"OM":1}}]}],"SNC":28800,"OID":13506,"IT":2}]%
2020-12-25 00:09:06,893 commands    : DEBUG    L8: %xt%core_pol%1%10005%[{"RS":28800,"QD":{"conditions":[{"name":"cashOfferPackage","params":{"packageIdUnderscoreOfferId":"106_13506"}}]},"PC":[],"OS":22,"D":28800,"OD":[{"autoAccept":true,"visualComponents":[{"name":"offersHub","params":{"FDS":[200],"OHS":[22],"TID":16,"SID":1,"TAID":3,"DC":{"HL":[0],"OTSID":5,"STID":"dialog_primeDayPO_desc_03","ID":"genericOfferDC","TEID":2,"RM":{"A":[],"T":1},"TSID":12,"TID":"dialog_primeDayPO_title_03"}}}],"rewardComponents":[{"name":"standardReward","params":{"U":[[152,6000],[9,15000],[10,15000],[116,1200],[114,1200],[113,1200]],"F":[900000],"PG":[[900,21600]],"SO":"PG#U_0#U_1#U_2#F#U_3#U_4#U_5","OL":1,"OM":1}}]}],"SNC":28800,"OID":13506,"IT":2}]%
