2020-12-25 00:03:36,119 root        : DEBUG    ===Logging Initialized===
2020-12-25 00:03:36,119 root        : DEBUG    Argument apply_alliance=None
2020-12-25 00:03:36,119 root        : DEBUG    Argument ask_for_help=False
2020-12-25 00:03:36,119 root        : DEBUG    Argument attack_baron=None
2020-12-25 00:03:36,119 root        : DEBUG    Argument attack_barons=False
2020-12-25 00:03:36,119 root        : DEBUG    Argument attack_berimond=False
2020-12-25 00:03:36,119 root        : DEBUG    Argument attack_nomads=False
2020-12-25 00:03:36,119 root        : DEBUG    Argument attack_player=False
2020-12-25 00:03:36,120 root        : DEBUG    Argument blade_coast=False
2020-12-25 00:03:36,120 root        : DEBUG    Argument build_tools=False
2020-12-25 00:03:36,120 root        : DEBUG    Argument buy_tools=False
2020-12-25 00:03:36,120 root        : DEBUG    Argument buy_tools_for_baron=False
2020-12-25 00:03:36,120 root        : DEBUG    Argument collect_tax=10
2020-12-25 00:03:36,120 root        : DEBUG    Argument dry_run=False
2020-12-25 00:03:36,120 root        : DEBUG    Argument farm=False
2020-12-25 00:03:36,120 root        : DEBUG    Argument favor_low_level_barons=False
2020-12-25 00:03:36,120 root        : DEBUG    Argument heal_troops=False
2020-12-25 00:03:36,120 root        : DEBUG    Argument help_all=False
2020-12-25 00:03:36,120 root        : DEBUG    Argument include_distance_to_me=False
2020-12-25 00:03:36,120 root        : DEBUG    Argument inifile=gg_config.ini
2020-12-25 00:03:36,120 root        : DEBUG    Argument leave_alliance=False
2020-12-25 00:03:36,120 root        : DEBUG    Argument list_barons=False
2020-12-25 00:03:36,120 root        : DEBUG    Argument loop=None
2020-12-25 00:03:36,120 root        : DEBUG    Argument print_alliance_coordinates=None
2020-12-25 00:03:36,121 root        : DEBUG    Argument print_attack_content=False
2020-12-25 00:03:36,121 root        : DEBUG    Argument print_economy=False
2020-12-25 00:03:36,121 root        : DEBUG    Argument print_full_economy=False
2020-12-25 00:03:36,121 root        : DEBUG    Argument print_gems=False
2020-12-25 00:03:36,121 root        : DEBUG    Argument print_info=False
2020-12-25 00:03:36,121 root        : DEBUG    Argument print_main_economy=False
2020-12-25 00:03:36,121 root        : DEBUG    Argument print_samurai_rankings=None
2020-12-25 00:03:36,121 root        : DEBUG    Argument recruit_berimond=False
2020-12-25 00:03:36,121 root        : DEBUG    Argument recruit_green=False
2020-12-25 00:03:36,121 root        : DEBUG    Argument recruit_troops=False
2020-12-25 00:03:36,121 root        : DEBUG    Argument rvs_only=False
2020-12-25 00:03:36,121 root        : DEBUG    Argument send_rss=False
2020-12-25 00:03:36,121 root        : DEBUG    Argument send_rss_new=False
2020-12-25 00:03:36,121 root        : DEBUG    Argument spy_barons=False
2020-12-25 00:03:36,121 root        : DEBUG    Argument station_troops=False
2020-12-25 00:03:36,121 root        : DEBUG    Argument use_khan_chests=False
2020-12-25 00:03:36,121 root        : DEBUG    Argument use_khan_chests_for_midas=False
2020-12-25 00:03:36,121 root        : DEBUG    Argument use_time_skips=False
2020-12-25 00:03:36,139 root        : DEBUG    Processor Start
2020-12-25 00:03:36,740 root        : DEBUG    readResult: <msg t='sys'><body action='apiOK' r='0'></body></msg>
2020-12-25 00:03:36,741 commands    : DEBUG    R1: <msg t='sys'><body action='apiOK' r='0'></body></msg>
2020-12-25 00:03:37,029 root        : DEBUG    readResult: %xt%core_nfo%1%0%{"sectorCountY":99,"XML":"106.RC.06","minNameSize":3,"sectorCountX":99}%
2020-12-25 00:03:37,029 commands    : DEBUG    R2: %xt%core_nfo%1%0%{"sectorCountY":99,"XML":"106.RC.06","minNameSize":3,"sectorCountX":99}%
2020-12-25 00:03:37,029 root        : DEBUG    readResult: %xt%rlu%-1%1%0%100000%2%Lobby%
2020-12-25 00:03:37,030 commands    : DEBUG    R3: %xt%rlu%-1%1%0%100000%2%Lobby%
2020-12-25 00:03:37,325 root        : DEBUG    readResult: <msg t='sys'><body action='joinOK' r='1'><pid id='0'/><vars /><uLs r='1'></uLs></body></msg>
2020-12-25 00:03:37,325 commands    : DEBUG    R4: <msg t='sys'><body action='joinOK' r='1'><pid id='0'/><vars /><uLs r='1'></uLs></body></msg>
2020-12-25 00:03:37,606 root        : DEBUG    readResult: %xt%core_avl%1%10005%{"P":"8bc00f257d8751d13845f656a0793896","M":"nyechaitea@yahoo.com"}%
2020-12-25 00:03:37,606 commands    : DEBUG    8: %xt%core_avl%1%10005%{"P":"8bc00f257d8751d13845f656a0793896","M":"nyechaitea@yahoo.com"}%
2020-12-25 00:03:37,864 root        : DEBUG    readResult: <msg t='sys'><body action='apiOK' r='0'></body></msg>
2020-12-25 00:03:37,864 commands    : DEBUG    L1: <msg t='sys'><body action='apiOK' r='0'></body></msg>
2020-12-25 00:03:38,126 root        : DEBUG    readResult: %xt%core_nfo%1%0%{"sectorCountY":99,"XML":"106.RC.06","minNameSize":3,"sectorCountX":99}%
2020-12-25 00:03:38,126 commands    : DEBUG    L2_1: %xt%core_nfo%1%0%{"sectorCountY":99,"XML":"106.RC.06","minNameSize":3,"sectorCountX":99}%
2020-12-25 00:03:38,126 root        : DEBUG    readResult: %xt%rlu%-1%1%0%100000%2%Lobby%
2020-12-25 00:03:38,126 commands    : DEBUG    L2_2: %xt%rlu%-1%1%0%100000%2%Lobby%
2020-12-25 00:03:38,391 root        : DEBUG    readResult: <msg t='sys'><body action='joinOK' r='1'><pid id='0'/><vars /><uLs r='1'></uLs></body></msg>
2020-12-25 00:03:38,392 commands    : DEBUG    L3: <msg t='sys'><body action='joinOK' r='1'><pid id='0'/><vars /><uLs r='1'></uLs></body></msg>
2020-12-25 00:03:40,394 root        : DEBUG    readResult: <msg t='sys'><body action='roundTripRes' r='1'></body></msg>
2020-12-25 00:03:40,394 commands    : DEBUG    L4: <msg t='sys'><body action='roundTripRes' r='1'></body></msg>
2020-12-25 00:03:40,660 root        : DEBUG    readResult: %xt%core_pol%1%10005%[{"RS":28800,"QD":{"conditions":[{"name":"cashOfferPackage","params":{"packageIdUnderscoreOfferId":"111_13523"}}]},"PC":[],"OS":22,"D":28800,"OD":[{"autoAccept":true,"visualComponents":[{"name":"offersHub","params":{"FDS":[200],"OHS":[22],"TID":16,"SID":1,"TAID":3,"DC":{"HL":[0],"OTSID":6,"STID":"dialog_primeDayPO_desc_03","ID":"genericOfferDC","TEID":2,"RM":{"A":[],"T":1},"TSID":18,"TID":"dialog_primeDayPO_title_03"}}}],"rewardComponents":[{"name":"standardReward","params":{"U":[[17,12000],[9,30000],[10,30000],[775,3000],[776,3000],[777,3000],[778,3000]],"F":[1800000],"GPB":[[600,28800]],"SO":"GPB#U_0#U_1#U_2#F#U_3#U_4#U_5#U_6","OL":1}}]}],"SNC":28800,"OID":13523,"IT":2}]%
2020-12-25 00:03:40,661 root        : DEBUG    readResult: %xt%core_pol%1%10005%[{"RS":28800,"QD":{"conditions":[{"name":"cashOfferPackage","params":{"packageIdUnderscoreOfferId":"103_12501"}}]},"PC":[],"OS":22,"D":28800,"OD":[{"autoAccept":true,"visualComponents":[{"name":"offersHub","params":{"ASS":[22],"FDS":[200],"OHS":[22],"TID":16,"SID":1,"TAID":3,"DC":{"HL":[0],"STID":"dialog_primeDayPO_desc_03","ID":"genericOfferDC","TEID":2,"RM":{"A":[],"T":1},"TSID":9,"TID":"dialog_primeDayPO_title_03"}}}],"rewardComponents":[{"name":"standardReward","params":{"LTB":[[500,86400]],"OL":1,"OM":1}}]}],"SNC":28800,"OID":12501,"IT":4}]%
2020-12-25 00:03:40,662 commands    : DEBUG    L6: %xt%core_pol%1%10005%[{"RS":28800,"QD":{"conditions":[{"name":"cashOfferPackage","params":{"packageIdUnderscoreOfferId":"103_12501"}}]},"PC":[],"OS":22,"D":28800,"OD":[{"autoAccept":true,"visualComponents":[{"name":"offersHub","params":{"ASS":[22],"FDS":[200],"OHS":[22],"TID":16,"SID":1,"TAID":3,"DC":{"HL":[0],"STID":"dialog_primeDayPO_desc_03","ID":"genericOfferDC","TEID":2,"RM":{"A":[],"T":1},"TSID":9,"TID":"dialog_primeDayPO_title_03"}}}],"rewardComponents":[{"name":"standardReward","params":{"LTB":[[500,86400]],"OL":1,"OM":1}}]}],"SNC":28800,"OID":12501,"IT":4}]%
2020-12-25 00:03:40,662 root        : DEBUG    readResult: %xt%core_pol%1%10005%[{"RS":28800,"QD":{"conditions":[{"name":"cashOfferPackage","params":{"packageIdUnderscoreOfferId":"102_13501"}}]},"PC":[],"OS":22,"D":28800,"OD":[{"autoAccept":true,"visualComponents":[{"name":"offersHub","params":{"FDS":[200],"OHS":[22],"TID":16,"SID":1,"TAID":3,"DC":{"HL":[0],"OTSID":1,"STID":"dialog_primeDayPO_desc_03","ID":"genericOfferDC","TEID":2,"RM":{"A":[],"T":1},"TSID":2,"TID":"dialog_primeDayPO_title_03"}}}],"rewardComponents":[{"name":"standardReward","params":{"U":[[152,2000]],"SO":"U","OL":1,"OM":1}}]}],"SNC":28800,"OID":13501,"IT":2}]%
2020-12-25 00:03:40,662 commands    : DEBUG    L7: %xt%core_pol%1%10005%[{"RS":28800,"QD":{"conditions":[{"name":"cashOfferPackage","params":{"packageIdUnderscoreOfferId":"102_13501"}}]},"PC":[],"OS":22,"D":28800,"OD":[{"autoAccept":true,"visualComponents":[{"name":"offersHub","params":{"FDS":[200],"OHS":[22],"TID":16,"SID":1,"TAID":3,"DC":{"HL":[0],"OTSID":1,"STID":"dialog_primeDayPO_desc_03","ID":"genericOfferDC","TEID":2,"RM":{"A":[],"T":1},"TSID":2,"TID":"dialog_primeDayPO_title_03"}}}],"rewardComponents":[{"name":"standardReward","params":{"U":[[152,2000]],"SO":"U","OL":1,"OM":1}}]}],"SNC":28800,"OID":13501,"IT":2}]%
2020-12-25 00:03:40,673 root        : DEBUG    readResult: %xt%core_pol%1%10005%[{"RS":28800,"QD":{"conditions":[{"name":"cashOfferPackage","params":{"packageIdUnderscoreOfferId":"102_1320"}}]},"PC":[],"OS":22,"D":28800,"OD":[{"autoAccept":true,"visualComponents":[{"name":"offersHub","params":{"ASS":[22],"FDS":[200],"OHS":[22],"TID":16,"SID":1,"DC":{"HL":[0],"STID":"dialog_primeDayPO_desc_03","ID":"genericOfferDC","TEID":2,"RM":{"A":[],"T":1},"TSID":7,"TID":"dialog_primeDayPO_title_03"}}}],"rewardComponents":[{"name":"standardReward","params":{"U":[[9,300],[10,300]],"F":[18000],"PG":[[500,7200]],"SO":"PG#U_0#U_1#F","OL":1}}]}],"SNC":28800,"OID":1320,"IT":5}]%
2020-12-25 00:03:40,674 commands    : DEBUG    L8: %xt%core_pol%1%10005%[{"RS":28800,"QD":{"conditions":[{"name":"cashOfferPackage","params":{"packageIdUnderscoreOfferId":"102_1320"}}]},"PC":[],"OS":22,"D":28800,"OD":[{"autoAccept":true,"visualComponents":[{"name":"offersHub","params":{"ASS":[22],"FDS":[200],"OHS":[22],"TID":16,"SID":1,"DC":{"HL":[0],"STID":"dialog_primeDayPO_desc_03","ID":"genericOfferDC","TEID":2,"RM":{"A":[],"T":1},"TSID":7,"TID":"dialog_primeDayPO_title_03"}}}],"rewardComponents":[{"name":"standardReward","params":{"U":[[9,300],[10,300]],"F":[18000],"PG":[[500,7200]],"SO":"PG#U_0#U_1#F","OL":1}}]}],"SNC":28800,"OID":1320,"IT":5}]%
2020-12-25 00:03:40,675 root        : DEBUG    readResult: %xt%core_pol%1%10005%[{"RS":28800,"QD":{"conditions":[{"name":"cashOfferPackage","params":{"packageIdUnderscoreOfferId":"105_1347"}}]},"PC":[],"OS":22,"D":28800,"OD":[{"autoAccept":true,"visualComponents":[{"name":"offersHub","params":{"ASS":[22],"FDS":[200],"OHS":[22],"TID":16,"SID":1,"DC":{"HL":[0],"STID":"dialog_primeDayPO_desc_03","ID":"genericOfferDC","TEID":2,"RM":{"A":[],"T":1},"TSID":10,"TID":"dialog_primeDayPO_title_03"}}}],"rewardComponents":[{"name":"standardReward","params":{"U":[[11,12000],[12,12000],[730,1200],[624,1200],[625,1200],[622,1200],[627,1200]],"F":[720000],"OL":1}}]}],"SNC":28800,"OID":1347,"IT":34}]%
2020-12-25 00:03:40,675 root        : DEBUG    readResult: %xt%core_pol%1%10005%[{"RS":28800,"QD":{"conditions":[{"name":"cashOfferPackage","params":{"packageIdUnderscoreOfferId":"106_1431"}}]},"PC":[],"OS":22,"D":28800,"OD":[{"autoAccept":true,"visualComponents":[{"name":"offersHub","params":{"ASS":[22],"FDS":[200],"OHS":[22],"TID":16,"SID":1,"TAID":3,"DC":{"HL":[0],"STID":"dialog_primeDayPO_desc_03","ID":"genericOfferDC","TEID":2,"RM":{"A":[],"T":1},"TSID":7,"TID":"dialog_primeDayPO_title_03"}}}],"rewardComponents":[{"name":"standardReward","params":{"SLWT":[60,60,60],"SO":"SLWT_0#SLWT_1#SLWT_2","OL":1}}]}],"SNC":28800,"OID":1431,"IT":3}]%
2020-12-25 00:03:40,675 root        : DEBUG    readResult: %xt%core_pol%1%10005%[{"RS":28800,"QD":{"conditions":[{"name":"cashOfferPackage","params":{"packageIdUnderscoreOfferId":"104_13504"}}]},"PC":[],"OS":22,"D":28800,"OD":[{"autoAccept":true,"visualComponents":[{"name":"offersHub","params":{"FDS":[200],"OHS":[22],"TID":16,"SID":1,"TAID":3,"DC":{"HL":[0],"OTSID":3,"STID":"dialog_primeDayPO_desc_03","ID":"genericOfferDC","TEID":2,"RM":{"A":[],"T":1},"TSID":11,"TID":"dialog_primeDayPO_title_03"}}}],"rewardComponents":[{"name":"standardReward","params":{"U":[[152,1500],[9,4000],[10,4000],[116,300],[114,300],[113,300]],"F":[240000],"PG":[[700,21600]],"SO":"PG#U_0#U_1#U_2#F#U_3#U_4#U_5","OL":1,"OM":1}}]}],"SNC":28800,"OID":13504,"IT":2}]%
