2020-12-25 00:08:42,203 root        : DEBUG    ===Logging Initialized===
2020-12-25 00:08:42,203 root        : DEBUG    Argument apply_alliance=None
2020-12-25 00:08:42,203 root        : DEBUG    Argument ask_for_help=False
2020-12-25 00:08:42,203 root        : DEBUG    Argument attack_baron=None
2020-12-25 00:08:42,203 root        : DEBUG    Argument attack_barons=False
2020-12-25 00:08:42,203 root        : DEBUG    Argument attack_berimond=False
2020-12-25 00:08:42,203 root        : DEBUG    Argument attack_nomads=False
2020-12-25 00:08:42,203 root        : DEBUG    Argument attack_player=False
2020-12-25 00:08:42,203 root        : DEBUG    Argument blade_coast=False
2020-12-25 00:08:42,204 root        : DEBUG    Argument build_tools=False
2020-12-25 00:08:42,204 root        : DEBUG    Argument buy_tools=False
2020-12-25 00:08:42,204 root        : DEBUG    Argument buy_tools_for_baron=False
2020-12-25 00:08:42,204 root        : DEBUG    Argument collect_tax=10
2020-12-25 00:08:42,204 root        : DEBUG    Argument dry_run=False
2020-12-25 00:08:42,204 root        : DEBUG    Argument farm=False
2020-12-25 00:08:42,204 root        : DEBUG    Argument favor_low_level_barons=False
2020-12-25 00:08:42,204 root        : DEBUG    Argument heal_troops=False
2020-12-25 00:08:42,204 root        : DEBUG    Argument help_all=False
2020-12-25 00:08:42,204 root        : DEBUG    Argument include_distance_to_me=False
2020-12-25 00:08:42,204 root        : DEBUG    Argument inifile=gg_config.ini
2020-12-25 00:08:42,204 root        : DEBUG    Argument leave_alliance=False
2020-12-25 00:08:42,204 root        : DEBUG    Argument list_barons=False
2020-12-25 00:08:42,204 root        : DEBUG    Argument loop=None
2020-12-25 00:08:42,204 root        : DEBUG    Argument print_alliance_coordinates=None
2020-12-25 00:08:42,204 root        : DEBUG    Argument print_attack_content=False
2020-12-25 00:08:42,204 root        : DEBUG    Argument print_economy=False
2020-12-25 00:08:42,204 root        : DEBUG    Argument print_full_economy=False
2020-12-25 00:08:42,204 root        : DEBUG    Argument print_gems=False
2020-12-25 00:08:42,204 root        : DEBUG    Argument print_info=False
2020-12-25 00:08:42,205 root        : DEBUG    Argument print_main_economy=False
2020-12-25 00:08:42,205 root        : DEBUG    Argument print_samurai_rankings=None
2020-12-25 00:08:42,205 root        : DEBUG    Argument recruit_berimond=False
2020-12-25 00:08:42,205 root        : DEBUG    Argument recruit_green=False
2020-12-25 00:08:42,205 root        : DEBUG    Argument recruit_troops=False
2020-12-25 00:08:42,205 root        : DEBUG    Argument rvs_only=False
2020-12-25 00:08:42,205 root        : DEBUG    Argument send_rss=False
2020-12-25 00:08:42,205 root        : DEBUG    Argument send_rss_new=False
2020-12-25 00:08:42,205 root        : DEBUG    Argument spy_barons=False
2020-12-25 00:08:42,205 root        : DEBUG    Argument station_troops=False
2020-12-25 00:08:42,205 root        : DEBUG    Argument use_khan_chests=False
2020-12-25 00:08:42,205 root        : DEBUG    Argument use_khan_chests_for_midas=False
2020-12-25 00:08:42,205 root        : DEBUG    Argument use_time_skips=False
2020-12-25 00:08:42,208 root        : DEBUG    Processor Start
2020-12-25 00:08:42,727 root        : DEBUG    readResult: <msg t='sys'><body action='apiOK' r='0'></body></msg>
2020-12-25 00:08:42,727 commands    : DEBUG    R1: <msg t='sys'><body action='apiOK' r='0'></body></msg>
2020-12-25 00:08:43,017 root        : DEBUG    readResult: %xt%core_nfo%1%0%{"sectorCountY":99,"XML":"106.RC.06","minNameSize":3,"sectorCountX":99}%
2020-12-25 00:08:43,017 commands    : DEBUG    R2: %xt%core_nfo%1%0%{"sectorCountY":99,"XML":"106.RC.06","minNameSize":3,"sectorCountX":99}%
2020-12-25 00:08:43,018 root        : DEBUG    readResult: %xt%rlu%-1%1%0%100000%2%Lobby%
2020-12-25 00:08:43,018 commands    : DEBUG    R3: %xt%rlu%-1%1%0%100000%2%Lobby%
2020-12-25 00:08:43,298 root        : DEBUG    readResult: <msg t='sys'><body action='joinOK' r='1'><pid id='0'/><vars /><uLs r='1'></uLs></body></msg>
2020-12-25 00:08:43,298 commands    : DEBUG    R4: <msg t='sys'><body action='joinOK' r='1'><pid id='0'/><vars /><uLs r='1'></uLs></body></msg>
2020-12-25 00:08:44,258 root        : DEBUG    readResult: %xt%core_avl%1%10005%{"P":"8bc00f257d8751d13845f656a0793896","M":"nyechaitea@yahoo.com"}%
2020-12-25 00:08:44,259 commands    : DEBUG    8: %xt%core_avl%1%10005%{"P":"8bc00f257d8751d13845f656a0793896","M":"nyechaitea@yahoo.com"}%
